[debug] [2025-04-19T10:36:37.442Z] ----------------------------------------------------------------------
[debug] [2025-04-19T10:36:37.444Z] Command:       C:\Program Files\nodejs\node.exe C:\Users\dives\AppData\Roaming\npm\node_modules\firebase-tools\lib\bin\firebase.js deploy
[debug] [2025-04-19T10:36:37.445Z] CLI Version:   14.2.0
[debug] [2025-04-19T10:36:37.445Z] Platform:      win32
[debug] [2025-04-19T10:36:37.445Z] Node Version:  v22.14.0
[debug] [2025-04-19T10:36:37.445Z] Time:          Sat Apr 19 2025 16:06:37 GMT+0530 (India Standard Time)
[debug] [2025-04-19T10:36:37.445Z] ----------------------------------------------------------------------
[debug] 
[debug] [2025-04-19T10:36:37.616Z] > command requires scopes: ["email","openid","https://www.googleapis.com/auth/cloudplatformprojects.readonly","https://www.googleapis.com/auth/firebase","https://www.googleapis.com/auth/cloud-platform"]
[debug] [2025-04-19T10:36:37.617Z] > authorizing via signed-in user (productionhousefly@gmail.com)
[debug] [2025-04-19T10:36:37.617Z] [iam] checking project flyproductionhouse-f5ea1 for permissions ["firebase.projects.get","firebasehosting.sites.update"]
[debug] [2025-04-19T10:36:37.618Z] Checked if tokens are valid: true, expires at: 1745062588483
[debug] [2025-04-19T10:36:37.618Z] Checked if tokens are valid: true, expires at: 1745062588483
[debug] [2025-04-19T10:36:37.618Z] >>> [apiv2][query] POST https://cloudresourcemanager.googleapis.com/v1/projects/flyproductionhouse-f5ea1:testIamPermissions [none]
[debug] [2025-04-19T10:36:37.618Z] >>> [apiv2][(partial)header] POST https://cloudresourcemanager.googleapis.com/v1/projects/flyproductionhouse-f5ea1:testIamPermissions x-goog-quota-user=projects/flyproductionhouse-f5ea1
[debug] [2025-04-19T10:36:37.619Z] >>> [apiv2][body] POST https://cloudresourcemanager.googleapis.com/v1/projects/flyproductionhouse-f5ea1:testIamPermissions {"permissions":["firebase.projects.get","firebasehosting.sites.update"]}
[debug] [2025-04-19T10:36:39.213Z] <<< [apiv2][status] POST https://cloudresourcemanager.googleapis.com/v1/projects/flyproductionhouse-f5ea1:testIamPermissions 200
[debug] [2025-04-19T10:36:39.213Z] <<< [apiv2][body] POST https://cloudresourcemanager.googleapis.com/v1/projects/flyproductionhouse-f5ea1:testIamPermissions {}
[debug] [2025-04-19T10:36:39.213Z] [iam] error while checking permissions, command may fail: Authorization failed. This account is missing the following required permissions on project flyproductionhouse-f5ea1:

  firebase.projects.get
  firebasehosting.sites.update
[debug] [2025-04-19T10:36:39.213Z] Checked if tokens are valid: true, expires at: 1745062588483
[debug] [2025-04-19T10:36:39.213Z] Checked if tokens are valid: true, expires at: 1745062588483
[debug] [2025-04-19T10:36:39.214Z] >>> [apiv2][query] GET https://firebase.googleapis.com/v1beta1/projects/flyproductionhouse-f5ea1 [none]
[debug] [2025-04-19T10:36:39.712Z] <<< [apiv2][status] GET https://firebase.googleapis.com/v1beta1/projects/flyproductionhouse-f5ea1 403
[debug] [2025-04-19T10:36:39.712Z] <<< [apiv2][body] GET https://firebase.googleapis.com/v1beta1/projects/flyproductionhouse-f5ea1 {"error":{"code":403,"message":"The caller does not have permission","status":"PERMISSION_DENIED"}}
[debug] [2025-04-19T10:36:39.713Z] Request to https://firebase.googleapis.com/v1beta1/projects/flyproductionhouse-f5ea1 had HTTP Error: 403, The caller does not have permission
[debug] [2025-04-19T10:36:39.714Z] FirebaseError: Request to https://firebase.googleapis.com/v1beta1/projects/flyproductionhouse-f5ea1 had HTTP Error: 403, The caller does not have permission
    at responseToError (C:\Users\dives\AppData\Roaming\npm\node_modules\firebase-tools\lib\responseToError.js:52:12)
    at RetryOperation._fn (C:\Users\dives\AppData\Roaming\npm\node_modules\firebase-tools\lib\apiv2.js:312:77)
    at process.processTicksAndRejections (node:internal/process/task_queues:105:5)
[error] 
[error] Error: Failed to get Firebase project flyproductionhouse-f5ea1. Please make sure the project exists and your account has permission to access it.
